<?xml version="1.0" encoding="UTF-8" ?>
<testsuite tests="3" failures="0" name="ibm.caseserv.fvt.TestCustomerService" time="0.259" errors="3" skipped="0">
  <properties>
    <property name="java.runtime.name" value="Java(TM) SE Runtime Environment"/>
    <property name="sun.boot.library.path" value="/Library/Java/JavaVirtualMachines/jdk1.8.0_45.jdk/Contents/Home/jre/lib"/>
    <property name="java.vm.version" value="25.45-b02"/>
    <property name="gopherProxySet" value="false"/>
    <property name="java.vm.vendor" value="Oracle Corporation"/>
    <property name="maven.multiModuleProjectDirectory" value="/Users/jeromeboyer/Code/BrownCompute/refarch-integration-services"/>
    <property name="java.vendor.url" value="http://java.oracle.com/"/>
    <property name="path.separator" value=":"/>
    <property name="guice.disable.misplaced.annotation.check" value="true"/>
    <property name="java.vm.name" value="Java HotSpot(TM) 64-Bit Server VM"/>
    <property name="file.encoding.pkg" value="sun.io"/>
    <property name="user.country" value="US"/>
    <property name="sun.java.launcher" value="SUN_STANDARD"/>
    <property name="sun.os.patch.level" value="unknown"/>
    <property name="java.vm.specification.name" value="Java Virtual Machine Specification"/>
    <property name="user.dir" value="/Users/jeromeboyer/Code/BrownCompute/refarch-integration-services"/>
    <property name="java.runtime.version" value="1.8.0_45-b14"/>
    <property name="java.awt.graphicsenv" value="sun.awt.CGraphicsEnvironment"/>
    <property name="java.endorsed.dirs" value="/Library/Java/JavaVirtualMachines/jdk1.8.0_45.jdk/Contents/Home/jre/lib/endorsed"/>
    <property name="os.arch" value="x86_64"/>
    <property name="java.io.tmpdir" value="/var/folders/y5/2hrzr2kd1hn7mkp804_hx5f00000gn/T/"/>
    <property name="line.separator" value="
"/>
    <property name="java.vm.specification.vendor" value="Oracle Corporation"/>
    <property name="os.name" value="Mac OS X"/>
    <property name="classworlds.conf" value="/Users/jeromeboyer/Tools/apache-maven-3.3.9.2/bin/m2.conf"/>
    <property name="sun.jnu.encoding" value="UTF-8"/>
    <property name="java.library.path" value="/Users/jeromeboyer/Library/Java/Extensions:/Library/Java/Extensions:/Network/Library/Java/Extensions:/System/Library/Java/Extensions:/usr/lib/java:."/>
    <property name="java.specification.name" value="Java Platform API Specification"/>
    <property name="java.class.version" value="52.0"/>
    <property name="sun.management.compiler" value="HotSpot 64-Bit Tiered Compilers"/>
    <property name="os.version" value="10.13.1"/>
    <property name="user.home" value="/Users/jeromeboyer"/>
    <property name="user.timezone" value="America/Los_Angeles"/>
    <property name="java.awt.printerjob" value="sun.lwawt.macosx.CPrinterJob"/>
    <property name="java.specification.version" value="1.8"/>
    <property name="file.encoding" value="UTF-8"/>
    <property name="user.name" value="jeromeboyer"/>
    <property name="java.class.path" value="/Users/jeromeboyer/Tools/apache-maven-3.3.9.2/boot/plexus-classworlds-2.5.2.jar"/>
    <property name="java.vm.specification.version" value="1.8"/>
    <property name="sun.arch.data.model" value="64"/>
    <property name="java.home" value="/Library/Java/JavaVirtualMachines/jdk1.8.0_45.jdk/Contents/Home/jre"/>
    <property name="sun.java.command" value="org.codehaus.plexus.classworlds.launcher.Launcher install"/>
    <property name="java.specification.vendor" value="Oracle Corporation"/>
    <property name="user.language" value="en"/>
    <property name="awt.toolkit" value="sun.lwawt.macosx.LWCToolkit"/>
    <property name="java.vm.info" value="mixed mode"/>
    <property name="java.version" value="1.8.0_45"/>
    <property name="java.ext.dirs" value="/Users/jeromeboyer/Library/Java/Extensions:/Library/Java/JavaVirtualMachines/jdk1.8.0_45.jdk/Contents/Home/jre/lib/ext:/Library/Java/Extensions:/Network/Library/Java/Extensions:/System/Library/Java/Extensions:/usr/lib/java"/>
    <property name="sun.boot.class.path" value="/Library/Java/JavaVirtualMachines/jdk1.8.0_45.jdk/Contents/Home/jre/lib/resources.jar:/Library/Java/JavaVirtualMachines/jdk1.8.0_45.jdk/Contents/Home/jre/lib/rt.jar:/Library/Java/JavaVirtualMachines/jdk1.8.0_45.jdk/Contents/Home/jre/lib/sunrsasign.jar:/Library/Java/JavaVirtualMachines/jdk1.8.0_45.jdk/Contents/Home/jre/lib/jsse.jar:/Library/Java/JavaVirtualMachines/jdk1.8.0_45.jdk/Contents/Home/jre/lib/jce.jar:/Library/Java/JavaVirtualMachines/jdk1.8.0_45.jdk/Contents/Home/jre/lib/charsets.jar:/Library/Java/JavaVirtualMachines/jdk1.8.0_45.jdk/Contents/Home/jre/lib/jfr.jar:/Library/Java/JavaVirtualMachines/jdk1.8.0_45.jdk/Contents/Home/jre/classes"/>
    <property name="java.vendor" value="Oracle Corporation"/>
    <property name="maven.home" value="/Users/jeromeboyer/Tools/apache-maven-3.3.9.2"/>
    <property name="file.separator" value="/"/>
    <property name="java.vendor.url.bug" value="http://bugreport.sun.com/bugreport/"/>
    <property name="sun.cpu.endian" value="little"/>
    <property name="sun.io.unicode.encoding" value="UnicodeBig"/>
    <property name="sun.cpu.isalist" value=""/>
  </properties>
  <testcase classname="ibm.caseserv.fvt.TestCustomerService" name="testCreateCustomer" time="0.252">
    <error message="org.apache.cxf.interceptor.Fault: No message body writer has been found for class po.dto.model.CustomerAccount, ContentType: application/json" type="javax.ws.rs.ProcessingException">javax.ws.rs.ProcessingException: org.apache.cxf.interceptor.Fault: No message body writer has been found for class po.dto.model.CustomerAccount, ContentType: application/json
	at org.apache.cxf.jaxrs.client.WebClient.doResponse(WebClient.java:1147)
	at org.apache.cxf.jaxrs.client.WebClient.doChainedInvocation(WebClient.java:1092)
	at org.apache.cxf.jaxrs.client.WebClient.doInvoke(WebClient.java:894)
	at org.apache.cxf.jaxrs.client.WebClient.doInvoke(WebClient.java:865)
	at org.apache.cxf.jaxrs.client.WebClient.invoke(WebClient.java:428)
	at org.apache.cxf.jaxrs.client.WebClient$SyncInvokerImpl.method(WebClient.java:1636)
	at org.apache.cxf.jaxrs.client.WebClient$SyncInvokerImpl.method(WebClient.java:1631)
	at org.apache.cxf.jaxrs.client.WebClient$SyncInvokerImpl.post(WebClient.java:1571)
	at org.apache.cxf.jaxrs.client.spec.InvocationBuilderImpl.post(InvocationBuilderImpl.java:145)
	at ibm.caseserv.fvt.TestCustomerService.postCustomer(TestCustomerService.java:40)
	at ibm.caseserv.fvt.TestCustomerService.testCreateCustomer(TestCustomerService.java:47)
	at sun.reflect.NativeMethodAccessorImpl.invoke0(Native Method)
	at sun.reflect.NativeMethodAccessorImpl.invoke(NativeMethodAccessorImpl.java:62)
	at sun.reflect.DelegatingMethodAccessorImpl.invoke(DelegatingMethodAccessorImpl.java:43)
	at java.lang.reflect.Method.invoke(Method.java:497)
	at org.junit.runners.model.FrameworkMethod$1.runReflectiveCall(FrameworkMethod.java:50)
	at org.junit.internal.runners.model.ReflectiveCallable.run(ReflectiveCallable.java:12)
	at org.junit.runners.model.FrameworkMethod.invokeExplosively(FrameworkMethod.java:47)
	at org.junit.internal.runners.statements.InvokeMethod.evaluate(InvokeMethod.java:17)
	at org.junit.runners.ParentRunner.runLeaf(ParentRunner.java:325)
	at org.junit.runners.BlockJUnit4ClassRunner.runChild(BlockJUnit4ClassRunner.java:78)
	at org.junit.runners.BlockJUnit4ClassRunner.runChild(BlockJUnit4ClassRunner.java:57)
	at org.junit.runners.ParentRunner$3.run(ParentRunner.java:290)
	at org.junit.runners.ParentRunner$1.schedule(ParentRunner.java:71)
	at org.junit.runners.ParentRunner.runChildren(ParentRunner.java:288)
	at org.junit.runners.ParentRunner.access$000(ParentRunner.java:58)
	at org.junit.runners.ParentRunner$2.evaluate(ParentRunner.java:268)
	at org.junit.runners.ParentRunner.run(ParentRunner.java:363)
	at org.apache.maven.surefire.junit4.JUnit4Provider.execute(JUnit4Provider.java:252)
	at org.apache.maven.surefire.junit4.JUnit4Provider.executeTestSet(JUnit4Provider.java:141)
	at org.apache.maven.surefire.junit4.JUnit4Provider.invoke(JUnit4Provider.java:112)
	at sun.reflect.NativeMethodAccessorImpl.invoke0(Native Method)
	at sun.reflect.NativeMethodAccessorImpl.invoke(NativeMethodAccessorImpl.java:62)
	at sun.reflect.DelegatingMethodAccessorImpl.invoke(DelegatingMethodAccessorImpl.java:43)
	at java.lang.reflect.Method.invoke(Method.java:497)
	at org.apache.maven.surefire.util.ReflectionUtils.invokeMethodWithArray(ReflectionUtils.java:189)
	at org.apache.maven.surefire.booter.ProviderFactory$ProviderProxy.invoke(ProviderFactory.java:165)
	at org.apache.maven.surefire.booter.ProviderFactory.invokeProvider(ProviderFactory.java:85)
	at org.apache.maven.surefire.booter.ForkedBooter.runSuitesInProcess(ForkedBooter.java:115)
	at org.apache.maven.surefire.booter.ForkedBooter.main(ForkedBooter.java:75)
Caused by: org.apache.cxf.interceptor.Fault: No message body writer has been found for class po.dto.model.CustomerAccount, ContentType: application/json
	at org.apache.cxf.jaxrs.client.WebClient$BodyWriter.doWriteBody(WebClient.java:1227)
	at org.apache.cxf.jaxrs.client.AbstractClient$AbstractBodyWriter.handleMessage(AbstractClient.java:1055)
	at org.apache.cxf.phase.PhaseInterceptorChain.doIntercept(PhaseInterceptorChain.java:308)
	at org.apache.cxf.jaxrs.client.AbstractClient.doRunInterceptorChain(AbstractClient.java:636)
	at org.apache.cxf.jaxrs.client.WebClient.doChainedInvocation(WebClient.java:1091)
	... 38 more
Caused by: javax.ws.rs.ProcessingException: No message body writer has been found for class po.dto.model.CustomerAccount, ContentType: application/json
	at org.apache.cxf.jaxrs.client.AbstractClient.reportMessageHandlerProblem(AbstractClient.java:754)
	at org.apache.cxf.jaxrs.client.AbstractClient.writeBody(AbstractClient.java:485)
	at org.apache.cxf.jaxrs.client.WebClient$BodyWriter.doWriteBody(WebClient.java:1222)
	... 42 more
</error>
    <system-out>Create customer
Testing http://localhost:9081/caseserv/api/customers
</system-out>
    <system-err>Dec 14, 2017 4:10:38 PM org.apache.cxf.jaxrs.utils.JAXRSUtils logMessageHandlerProblem
SEVERE: No message body writer has been found for class po.dto.model.CustomerAccount, ContentType: application/json
Dec 14, 2017 4:10:38 PM org.apache.cxf.phase.PhaseInterceptorChain doDefaultLogging
WARNING: Interceptor for {http://localhost:9081/caseserv/api/customers}WebClient has thrown exception, unwinding now
org.apache.cxf.interceptor.Fault: No message body writer has been found for class po.dto.model.CustomerAccount, ContentType: application/json
	at org.apache.cxf.jaxrs.client.WebClient$BodyWriter.doWriteBody(WebClient.java:1227)
	at org.apache.cxf.jaxrs.client.AbstractClient$AbstractBodyWriter.handleMessage(AbstractClient.java:1055)
	at org.apache.cxf.phase.PhaseInterceptorChain.doIntercept(PhaseInterceptorChain.java:308)
	at org.apache.cxf.jaxrs.client.AbstractClient.doRunInterceptorChain(AbstractClient.java:636)
	at org.apache.cxf.jaxrs.client.WebClient.doChainedInvocation(WebClient.java:1091)
	at org.apache.cxf.jaxrs.client.WebClient.doInvoke(WebClient.java:894)
	at org.apache.cxf.jaxrs.client.WebClient.doInvoke(WebClient.java:865)
	at org.apache.cxf.jaxrs.client.WebClient.invoke(WebClient.java:428)
	at org.apache.cxf.jaxrs.client.WebClient$SyncInvokerImpl.method(WebClient.java:1636)
	at org.apache.cxf.jaxrs.client.WebClient$SyncInvokerImpl.method(WebClient.java:1631)
	at org.apache.cxf.jaxrs.client.WebClient$SyncInvokerImpl.post(WebClient.java:1571)
	at org.apache.cxf.jaxrs.client.spec.InvocationBuilderImpl.post(InvocationBuilderImpl.java:145)
	at ibm.caseserv.fvt.TestCustomerService.postCustomer(TestCustomerService.java:40)
	at ibm.caseserv.fvt.TestCustomerService.testCreateCustomer(TestCustomerService.java:47)
	at sun.reflect.NativeMethodAccessorImpl.invoke0(Native Method)
	at sun.reflect.NativeMethodAccessorImpl.invoke(NativeMethodAccessorImpl.java:62)
	at sun.reflect.DelegatingMethodAccessorImpl.invoke(DelegatingMethodAccessorImpl.java:43)
	at java.lang.reflect.Method.invoke(Method.java:497)
	at org.junit.runners.model.FrameworkMethod$1.runReflectiveCall(FrameworkMethod.java:50)
	at org.junit.internal.runners.model.ReflectiveCallable.run(ReflectiveCallable.java:12)
	at org.junit.runners.model.FrameworkMethod.invokeExplosively(FrameworkMethod.java:47)
	at org.junit.internal.runners.statements.InvokeMethod.evaluate(InvokeMethod.java:17)
	at org.junit.runners.ParentRunner.runLeaf(ParentRunner.java:325)
	at org.junit.runners.BlockJUnit4ClassRunner.runChild(BlockJUnit4ClassRunner.java:78)
	at org.junit.runners.BlockJUnit4ClassRunner.runChild(BlockJUnit4ClassRunner.java:57)
	at org.junit.runners.ParentRunner$3.run(ParentRunner.java:290)
	at org.junit.runners.ParentRunner$1.schedule(ParentRunner.java:71)
	at org.junit.runners.ParentRunner.runChildren(ParentRunner.java:288)
	at org.junit.runners.ParentRunner.access$000(ParentRunner.java:58)
	at org.junit.runners.ParentRunner$2.evaluate(ParentRunner.java:268)
	at org.junit.runners.ParentRunner.run(ParentRunner.java:363)
	at org.apache.maven.surefire.junit4.JUnit4Provider.execute(JUnit4Provider.java:252)
	at org.apache.maven.surefire.junit4.JUnit4Provider.executeTestSet(JUnit4Provider.java:141)
	at org.apache.maven.surefire.junit4.JUnit4Provider.invoke(JUnit4Provider.java:112)
	at sun.reflect.NativeMethodAccessorImpl.invoke0(Native Method)
	at sun.reflect.NativeMethodAccessorImpl.invoke(NativeMethodAccessorImpl.java:62)
	at sun.reflect.DelegatingMethodAccessorImpl.invoke(DelegatingMethodAccessorImpl.java:43)
	at java.lang.reflect.Method.invoke(Method.java:497)
	at org.apache.maven.surefire.util.ReflectionUtils.invokeMethodWithArray(ReflectionUtils.java:189)
	at org.apache.maven.surefire.booter.ProviderFactory$ProviderProxy.invoke(ProviderFactory.java:165)
	at org.apache.maven.surefire.booter.ProviderFactory.invokeProvider(ProviderFactory.java:85)
	at org.apache.maven.surefire.booter.ForkedBooter.runSuitesInProcess(ForkedBooter.java:115)
	at org.apache.maven.surefire.booter.ForkedBooter.main(ForkedBooter.java:75)
Caused by: javax.ws.rs.ProcessingException: No message body writer has been found for class po.dto.model.CustomerAccount, ContentType: application/json
	at org.apache.cxf.jaxrs.client.AbstractClient.reportMessageHandlerProblem(AbstractClient.java:754)
	at org.apache.cxf.jaxrs.client.AbstractClient.writeBody(AbstractClient.java:485)
	at org.apache.cxf.jaxrs.client.WebClient$BodyWriter.doWriteBody(WebClient.java:1222)
	... 42 more

</system-err>
  </testcase>
  <testcase classname="ibm.caseserv.fvt.TestCustomerService" name="testGetCustomer" time="0.004">
    <error message="org.apache.cxf.interceptor.Fault: No message body writer has been found for class po.dto.model.CustomerAccount, ContentType: application/json" type="javax.ws.rs.ProcessingException">javax.ws.rs.ProcessingException: org.apache.cxf.interceptor.Fault: No message body writer has been found for class po.dto.model.CustomerAccount, ContentType: application/json
	at org.apache.cxf.jaxrs.client.WebClient.doResponse(WebClient.java:1147)
	at org.apache.cxf.jaxrs.client.WebClient.doChainedInvocation(WebClient.java:1092)
	at org.apache.cxf.jaxrs.client.WebClient.doInvoke(WebClient.java:894)
	at org.apache.cxf.jaxrs.client.WebClient.doInvoke(WebClient.java:865)
	at org.apache.cxf.jaxrs.client.WebClient.invoke(WebClient.java:428)
	at org.apache.cxf.jaxrs.client.WebClient$SyncInvokerImpl.method(WebClient.java:1636)
	at org.apache.cxf.jaxrs.client.WebClient$SyncInvokerImpl.method(WebClient.java:1631)
	at org.apache.cxf.jaxrs.client.WebClient$SyncInvokerImpl.post(WebClient.java:1571)
	at org.apache.cxf.jaxrs.client.spec.InvocationBuilderImpl.post(InvocationBuilderImpl.java:145)
	at ibm.caseserv.fvt.TestCustomerService.postCustomer(TestCustomerService.java:40)
	at ibm.caseserv.fvt.TestCustomerService.testGetCustomer(TestCustomerService.java:61)
	at sun.reflect.NativeMethodAccessorImpl.invoke0(Native Method)
	at sun.reflect.NativeMethodAccessorImpl.invoke(NativeMethodAccessorImpl.java:62)
	at sun.reflect.DelegatingMethodAccessorImpl.invoke(DelegatingMethodAccessorImpl.java:43)
	at java.lang.reflect.Method.invoke(Method.java:497)
	at org.junit.runners.model.FrameworkMethod$1.runReflectiveCall(FrameworkMethod.java:50)
	at org.junit.internal.runners.model.ReflectiveCallable.run(ReflectiveCallable.java:12)
	at org.junit.runners.model.FrameworkMethod.invokeExplosively(FrameworkMethod.java:47)
	at org.junit.internal.runners.statements.InvokeMethod.evaluate(InvokeMethod.java:17)
	at org.junit.runners.ParentRunner.runLeaf(ParentRunner.java:325)
	at org.junit.runners.BlockJUnit4ClassRunner.runChild(BlockJUnit4ClassRunner.java:78)
	at org.junit.runners.BlockJUnit4ClassRunner.runChild(BlockJUnit4ClassRunner.java:57)
	at org.junit.runners.ParentRunner$3.run(ParentRunner.java:290)
	at org.junit.runners.ParentRunner$1.schedule(ParentRunner.java:71)
	at org.junit.runners.ParentRunner.runChildren(ParentRunner.java:288)
	at org.junit.runners.ParentRunner.access$000(ParentRunner.java:58)
	at org.junit.runners.ParentRunner$2.evaluate(ParentRunner.java:268)
	at org.junit.runners.ParentRunner.run(ParentRunner.java:363)
	at org.apache.maven.surefire.junit4.JUnit4Provider.execute(JUnit4Provider.java:252)
	at org.apache.maven.surefire.junit4.JUnit4Provider.executeTestSet(JUnit4Provider.java:141)
	at org.apache.maven.surefire.junit4.JUnit4Provider.invoke(JUnit4Provider.java:112)
	at sun.reflect.NativeMethodAccessorImpl.invoke0(Native Method)
	at sun.reflect.NativeMethodAccessorImpl.invoke(NativeMethodAccessorImpl.java:62)
	at sun.reflect.DelegatingMethodAccessorImpl.invoke(DelegatingMethodAccessorImpl.java:43)
	at java.lang.reflect.Method.invoke(Method.java:497)
	at org.apache.maven.surefire.util.ReflectionUtils.invokeMethodWithArray(ReflectionUtils.java:189)
	at org.apache.maven.surefire.booter.ProviderFactory$ProviderProxy.invoke(ProviderFactory.java:165)
	at org.apache.maven.surefire.booter.ProviderFactory.invokeProvider(ProviderFactory.java:85)
	at org.apache.maven.surefire.booter.ForkedBooter.runSuitesInProcess(ForkedBooter.java:115)
	at org.apache.maven.surefire.booter.ForkedBooter.main(ForkedBooter.java:75)
Caused by: org.apache.cxf.interceptor.Fault: No message body writer has been found for class po.dto.model.CustomerAccount, ContentType: application/json
	at org.apache.cxf.jaxrs.client.WebClient$BodyWriter.doWriteBody(WebClient.java:1227)
	at org.apache.cxf.jaxrs.client.AbstractClient$AbstractBodyWriter.handleMessage(AbstractClient.java:1055)
	at org.apache.cxf.phase.PhaseInterceptorChain.doIntercept(PhaseInterceptorChain.java:308)
	at org.apache.cxf.jaxrs.client.AbstractClient.doRunInterceptorChain(AbstractClient.java:636)
	at org.apache.cxf.jaxrs.client.WebClient.doChainedInvocation(WebClient.java:1091)
	... 38 more
Caused by: javax.ws.rs.ProcessingException: No message body writer has been found for class po.dto.model.CustomerAccount, ContentType: application/json
	at org.apache.cxf.jaxrs.client.AbstractClient.reportMessageHandlerProblem(AbstractClient.java:754)
	at org.apache.cxf.jaxrs.client.AbstractClient.writeBody(AbstractClient.java:485)
	at org.apache.cxf.jaxrs.client.WebClient$BodyWriter.doWriteBody(WebClient.java:1222)
	... 42 more
</error>
    <system-out>Get customer
Testing http://localhost:9081/caseserv/api/customers
</system-out>
    <system-err>Dec 14, 2017 4:10:38 PM org.apache.cxf.jaxrs.utils.JAXRSUtils logMessageHandlerProblem
SEVERE: No message body writer has been found for class po.dto.model.CustomerAccount, ContentType: application/json
Dec 14, 2017 4:10:38 PM org.apache.cxf.phase.PhaseInterceptorChain doDefaultLogging
WARNING: Interceptor for {http://localhost:9081/caseserv/api/customers}WebClient has thrown exception, unwinding now
org.apache.cxf.interceptor.Fault: No message body writer has been found for class po.dto.model.CustomerAccount, ContentType: application/json
	at org.apache.cxf.jaxrs.client.WebClient$BodyWriter.doWriteBody(WebClient.java:1227)
	at org.apache.cxf.jaxrs.client.AbstractClient$AbstractBodyWriter.handleMessage(AbstractClient.java:1055)
	at org.apache.cxf.phase.PhaseInterceptorChain.doIntercept(PhaseInterceptorChain.java:308)
	at org.apache.cxf.jaxrs.client.AbstractClient.doRunInterceptorChain(AbstractClient.java:636)
	at org.apache.cxf.jaxrs.client.WebClient.doChainedInvocation(WebClient.java:1091)
	at org.apache.cxf.jaxrs.client.WebClient.doInvoke(WebClient.java:894)
	at org.apache.cxf.jaxrs.client.WebClient.doInvoke(WebClient.java:865)
	at org.apache.cxf.jaxrs.client.WebClient.invoke(WebClient.java:428)
	at org.apache.cxf.jaxrs.client.WebClient$SyncInvokerImpl.method(WebClient.java:1636)
	at org.apache.cxf.jaxrs.client.WebClient$SyncInvokerImpl.method(WebClient.java:1631)
	at org.apache.cxf.jaxrs.client.WebClient$SyncInvokerImpl.post(WebClient.java:1571)
	at org.apache.cxf.jaxrs.client.spec.InvocationBuilderImpl.post(InvocationBuilderImpl.java:145)
	at ibm.caseserv.fvt.TestCustomerService.postCustomer(TestCustomerService.java:40)
	at ibm.caseserv.fvt.TestCustomerService.testGetCustomer(TestCustomerService.java:61)
	at sun.reflect.NativeMethodAccessorImpl.invoke0(Native Method)
	at sun.reflect.NativeMethodAccessorImpl.invoke(NativeMethodAccessorImpl.java:62)
	at sun.reflect.DelegatingMethodAccessorImpl.invoke(DelegatingMethodAccessorImpl.java:43)
	at java.lang.reflect.Method.invoke(Method.java:497)
	at org.junit.runners.model.FrameworkMethod$1.runReflectiveCall(FrameworkMethod.java:50)
	at org.junit.internal.runners.model.ReflectiveCallable.run(ReflectiveCallable.java:12)
	at org.junit.runners.model.FrameworkMethod.invokeExplosively(FrameworkMethod.java:47)
	at org.junit.internal.runners.statements.InvokeMethod.evaluate(InvokeMethod.java:17)
	at org.junit.runners.ParentRunner.runLeaf(ParentRunner.java:325)
	at org.junit.runners.BlockJUnit4ClassRunner.runChild(BlockJUnit4ClassRunner.java:78)
	at org.junit.runners.BlockJUnit4ClassRunner.runChild(BlockJUnit4ClassRunner.java:57)
	at org.junit.runners.ParentRunner$3.run(ParentRunner.java:290)
	at org.junit.runners.ParentRunner$1.schedule(ParentRunner.java:71)
	at org.junit.runners.ParentRunner.runChildren(ParentRunner.java:288)
	at org.junit.runners.ParentRunner.access$000(ParentRunner.java:58)
	at org.junit.runners.ParentRunner$2.evaluate(ParentRunner.java:268)
	at org.junit.runners.ParentRunner.run(ParentRunner.java:363)
	at org.apache.maven.surefire.junit4.JUnit4Provider.execute(JUnit4Provider.java:252)
	at org.apache.maven.surefire.junit4.JUnit4Provider.executeTestSet(JUnit4Provider.java:141)
	at org.apache.maven.surefire.junit4.JUnit4Provider.invoke(JUnit4Provider.java:112)
	at sun.reflect.NativeMethodAccessorImpl.invoke0(Native Method)
	at sun.reflect.NativeMethodAccessorImpl.invoke(NativeMethodAccessorImpl.java:62)
	at sun.reflect.DelegatingMethodAccessorImpl.invoke(DelegatingMethodAccessorImpl.java:43)
	at java.lang.reflect.Method.invoke(Method.java:497)
	at org.apache.maven.surefire.util.ReflectionUtils.invokeMethodWithArray(ReflectionUtils.java:189)
	at org.apache.maven.surefire.booter.ProviderFactory$ProviderProxy.invoke(ProviderFactory.java:165)
	at org.apache.maven.surefire.booter.ProviderFactory.invokeProvider(ProviderFactory.java:85)
	at org.apache.maven.surefire.booter.ForkedBooter.runSuitesInProcess(ForkedBooter.java:115)
	at org.apache.maven.surefire.booter.ForkedBooter.main(ForkedBooter.java:75)
Caused by: javax.ws.rs.ProcessingException: No message body writer has been found for class po.dto.model.CustomerAccount, ContentType: application/json
	at org.apache.cxf.jaxrs.client.AbstractClient.reportMessageHandlerProblem(AbstractClient.java:754)
	at org.apache.cxf.jaxrs.client.AbstractClient.writeBody(AbstractClient.java:485)
	at org.apache.cxf.jaxrs.client.WebClient$BodyWriter.doWriteBody(WebClient.java:1222)
	... 42 more

</system-err>
  </testcase>
  <testcase classname="ibm.caseserv.fvt.TestCustomerService" name="testGetCustomers" time="0.003">
    <error message="org.apache.cxf.interceptor.Fault: No message body writer has been found for class po.dto.model.CustomerAccount, ContentType: application/json" type="javax.ws.rs.ProcessingException">javax.ws.rs.ProcessingException: org.apache.cxf.interceptor.Fault: No message body writer has been found for class po.dto.model.CustomerAccount, ContentType: application/json
	at org.apache.cxf.jaxrs.client.WebClient.doResponse(WebClient.java:1147)
	at org.apache.cxf.jaxrs.client.WebClient.doChainedInvocation(WebClient.java:1092)
	at org.apache.cxf.jaxrs.client.WebClient.doInvoke(WebClient.java:894)
	at org.apache.cxf.jaxrs.client.WebClient.doInvoke(WebClient.java:865)
	at org.apache.cxf.jaxrs.client.WebClient.invoke(WebClient.java:428)
	at org.apache.cxf.jaxrs.client.WebClient$SyncInvokerImpl.method(WebClient.java:1636)
	at org.apache.cxf.jaxrs.client.WebClient$SyncInvokerImpl.method(WebClient.java:1631)
	at org.apache.cxf.jaxrs.client.WebClient$SyncInvokerImpl.post(WebClient.java:1571)
	at org.apache.cxf.jaxrs.client.spec.InvocationBuilderImpl.post(InvocationBuilderImpl.java:145)
	at ibm.caseserv.fvt.TestCustomerService.postCustomer(TestCustomerService.java:40)
	at ibm.caseserv.fvt.TestCustomerService.testGetCustomers(TestCustomerService.java:80)
	at sun.reflect.NativeMethodAccessorImpl.invoke0(Native Method)
	at sun.reflect.NativeMethodAccessorImpl.invoke(NativeMethodAccessorImpl.java:62)
	at sun.reflect.DelegatingMethodAccessorImpl.invoke(DelegatingMethodAccessorImpl.java:43)
	at java.lang.reflect.Method.invoke(Method.java:497)
	at org.junit.runners.model.FrameworkMethod$1.runReflectiveCall(FrameworkMethod.java:50)
	at org.junit.internal.runners.model.ReflectiveCallable.run(ReflectiveCallable.java:12)
	at org.junit.runners.model.FrameworkMethod.invokeExplosively(FrameworkMethod.java:47)
	at org.junit.internal.runners.statements.InvokeMethod.evaluate(InvokeMethod.java:17)
	at org.junit.runners.ParentRunner.runLeaf(ParentRunner.java:325)
	at org.junit.runners.BlockJUnit4ClassRunner.runChild(BlockJUnit4ClassRunner.java:78)
	at org.junit.runners.BlockJUnit4ClassRunner.runChild(BlockJUnit4ClassRunner.java:57)
	at org.junit.runners.ParentRunner$3.run(ParentRunner.java:290)
	at org.junit.runners.ParentRunner$1.schedule(ParentRunner.java:71)
	at org.junit.runners.ParentRunner.runChildren(ParentRunner.java:288)
	at org.junit.runners.ParentRunner.access$000(ParentRunner.java:58)
	at org.junit.runners.ParentRunner$2.evaluate(ParentRunner.java:268)
	at org.junit.runners.ParentRunner.run(ParentRunner.java:363)
	at org.apache.maven.surefire.junit4.JUnit4Provider.execute(JUnit4Provider.java:252)
	at org.apache.maven.surefire.junit4.JUnit4Provider.executeTestSet(JUnit4Provider.java:141)
	at org.apache.maven.surefire.junit4.JUnit4Provider.invoke(JUnit4Provider.java:112)
	at sun.reflect.NativeMethodAccessorImpl.invoke0(Native Method)
	at sun.reflect.NativeMethodAccessorImpl.invoke(NativeMethodAccessorImpl.java:62)
	at sun.reflect.DelegatingMethodAccessorImpl.invoke(DelegatingMethodAccessorImpl.java:43)
	at java.lang.reflect.Method.invoke(Method.java:497)
	at org.apache.maven.surefire.util.ReflectionUtils.invokeMethodWithArray(ReflectionUtils.java:189)
	at org.apache.maven.surefire.booter.ProviderFactory$ProviderProxy.invoke(ProviderFactory.java:165)
	at org.apache.maven.surefire.booter.ProviderFactory.invokeProvider(ProviderFactory.java:85)
	at org.apache.maven.surefire.booter.ForkedBooter.runSuitesInProcess(ForkedBooter.java:115)
	at org.apache.maven.surefire.booter.ForkedBooter.main(ForkedBooter.java:75)
Caused by: org.apache.cxf.interceptor.Fault: No message body writer has been found for class po.dto.model.CustomerAccount, ContentType: application/json
	at org.apache.cxf.jaxrs.client.WebClient$BodyWriter.doWriteBody(WebClient.java:1227)
	at org.apache.cxf.jaxrs.client.AbstractClient$AbstractBodyWriter.handleMessage(AbstractClient.java:1055)
	at org.apache.cxf.phase.PhaseInterceptorChain.doIntercept(PhaseInterceptorChain.java:308)
	at org.apache.cxf.jaxrs.client.AbstractClient.doRunInterceptorChain(AbstractClient.java:636)
	at org.apache.cxf.jaxrs.client.WebClient.doChainedInvocation(WebClient.java:1091)
	... 38 more
Caused by: javax.ws.rs.ProcessingException: No message body writer has been found for class po.dto.model.CustomerAccount, ContentType: application/json
	at org.apache.cxf.jaxrs.client.AbstractClient.reportMessageHandlerProblem(AbstractClient.java:754)
	at org.apache.cxf.jaxrs.client.AbstractClient.writeBody(AbstractClient.java:485)
	at org.apache.cxf.jaxrs.client.WebClient$BodyWriter.doWriteBody(WebClient.java:1222)
	... 42 more
</error>
    <system-out>Get customers
Testing http://localhost:9081/caseserv/api/customers
</system-out>
    <system-err>Dec 14, 2017 4:10:38 PM org.apache.cxf.jaxrs.utils.JAXRSUtils logMessageHandlerProblem
SEVERE: No message body writer has been found for class po.dto.model.CustomerAccount, ContentType: application/json
Dec 14, 2017 4:10:38 PM org.apache.cxf.phase.PhaseInterceptorChain doDefaultLogging
WARNING: Interceptor for {http://localhost:9081/caseserv/api/customers}WebClient has thrown exception, unwinding now
org.apache.cxf.interceptor.Fault: No message body writer has been found for class po.dto.model.CustomerAccount, ContentType: application/json
	at org.apache.cxf.jaxrs.client.WebClient$BodyWriter.doWriteBody(WebClient.java:1227)
	at org.apache.cxf.jaxrs.client.AbstractClient$AbstractBodyWriter.handleMessage(AbstractClient.java:1055)
	at org.apache.cxf.phase.PhaseInterceptorChain.doIntercept(PhaseInterceptorChain.java:308)
	at org.apache.cxf.jaxrs.client.AbstractClient.doRunInterceptorChain(AbstractClient.java:636)
	at org.apache.cxf.jaxrs.client.WebClient.doChainedInvocation(WebClient.java:1091)
	at org.apache.cxf.jaxrs.client.WebClient.doInvoke(WebClient.java:894)
	at org.apache.cxf.jaxrs.client.WebClient.doInvoke(WebClient.java:865)
	at org.apache.cxf.jaxrs.client.WebClient.invoke(WebClient.java:428)
	at org.apache.cxf.jaxrs.client.WebClient$SyncInvokerImpl.method(WebClient.java:1636)
	at org.apache.cxf.jaxrs.client.WebClient$SyncInvokerImpl.method(WebClient.java:1631)
	at org.apache.cxf.jaxrs.client.WebClient$SyncInvokerImpl.post(WebClient.java:1571)
	at org.apache.cxf.jaxrs.client.spec.InvocationBuilderImpl.post(InvocationBuilderImpl.java:145)
	at ibm.caseserv.fvt.TestCustomerService.postCustomer(TestCustomerService.java:40)
	at ibm.caseserv.fvt.TestCustomerService.testGetCustomers(TestCustomerService.java:80)
	at sun.reflect.NativeMethodAccessorImpl.invoke0(Native Method)
	at sun.reflect.NativeMethodAccessorImpl.invoke(NativeMethodAccessorImpl.java:62)
	at sun.reflect.DelegatingMethodAccessorImpl.invoke(DelegatingMethodAccessorImpl.java:43)
	at java.lang.reflect.Method.invoke(Method.java:497)
	at org.junit.runners.model.FrameworkMethod$1.runReflectiveCall(FrameworkMethod.java:50)
	at org.junit.internal.runners.model.ReflectiveCallable.run(ReflectiveCallable.java:12)
	at org.junit.runners.model.FrameworkMethod.invokeExplosively(FrameworkMethod.java:47)
	at org.junit.internal.runners.statements.InvokeMethod.evaluate(InvokeMethod.java:17)
	at org.junit.runners.ParentRunner.runLeaf(ParentRunner.java:325)
	at org.junit.runners.BlockJUnit4ClassRunner.runChild(BlockJUnit4ClassRunner.java:78)
	at org.junit.runners.BlockJUnit4ClassRunner.runChild(BlockJUnit4ClassRunner.java:57)
	at org.junit.runners.ParentRunner$3.run(ParentRunner.java:290)
	at org.junit.runners.ParentRunner$1.schedule(ParentRunner.java:71)
	at org.junit.runners.ParentRunner.runChildren(ParentRunner.java:288)
	at org.junit.runners.ParentRunner.access$000(ParentRunner.java:58)
	at org.junit.runners.ParentRunner$2.evaluate(ParentRunner.java:268)
	at org.junit.runners.ParentRunner.run(ParentRunner.java:363)
	at org.apache.maven.surefire.junit4.JUnit4Provider.execute(JUnit4Provider.java:252)
	at org.apache.maven.surefire.junit4.JUnit4Provider.executeTestSet(JUnit4Provider.java:141)
	at org.apache.maven.surefire.junit4.JUnit4Provider.invoke(JUnit4Provider.java:112)
	at sun.reflect.NativeMethodAccessorImpl.invoke0(Native Method)
	at sun.reflect.NativeMethodAccessorImpl.invoke(NativeMethodAccessorImpl.java:62)
	at sun.reflect.DelegatingMethodAccessorImpl.invoke(DelegatingMethodAccessorImpl.java:43)
	at java.lang.reflect.Method.invoke(Method.java:497)
	at org.apache.maven.surefire.util.ReflectionUtils.invokeMethodWithArray(ReflectionUtils.java:189)
	at org.apache.maven.surefire.booter.ProviderFactory$ProviderProxy.invoke(ProviderFactory.java:165)
	at org.apache.maven.surefire.booter.ProviderFactory.invokeProvider(ProviderFactory.java:85)
	at org.apache.maven.surefire.booter.ForkedBooter.runSuitesInProcess(ForkedBooter.java:115)
	at org.apache.maven.surefire.booter.ForkedBooter.main(ForkedBooter.java:75)
Caused by: javax.ws.rs.ProcessingException: No message body writer has been found for class po.dto.model.CustomerAccount, ContentType: application/json
	at org.apache.cxf.jaxrs.client.AbstractClient.reportMessageHandlerProblem(AbstractClient.java:754)
	at org.apache.cxf.jaxrs.client.AbstractClient.writeBody(AbstractClient.java:485)
	at org.apache.cxf.jaxrs.client.WebClient$BodyWriter.doWriteBody(WebClient.java:1222)
	... 42 more

</system-err>
  </testcase>
</testsuite>